# JRE version: 7.0_25-b15
# Java VM: Java HotSpot(TM) Server VM (23.25-b01 mixed mode linux-x86 )
Heap
 PSYoungGen      total 5120K, used 1974K [0x9e960000, 0x9ee90000, 0xb36b0000)
  eden space 4928K, 38% used [0x9e960000,0x9eb3d988,0x9ee30000)
  from space 192K, 33% used [0x9ee30000,0x9ee40000,0x9ee60000)
  to   space 192K, 0% used [0x9ee60000,0x9ee60000,0x9ee90000)
 ParOldGen       total 42688K, used 12274K [0x74eb0000, 0x77860000, 0x9e960000)
  object space 42688K, 28% used [0x74eb0000,0x75aac878,0x77860000)
 PSPermGen       total 16384K, used 6813K [0x70eb0000, 0x71eb0000, 0x74eb0000)
  object space 16384K, 41% used [0x70eb0000,0x715576f0,0x71eb0000)
GC Heap History (10 events):
Event: 822,146 GC heap before
{Heap before GC invocations=303 (full 0):
 PSYoungGen      total 5120K, used 5088K [0x9e960000, 0x9ee80000, 0xb36b0000)
  eden space 4992K, 100% used [0x9e960000,0x9ee40000,0x9ee40000)
  from space 128K, 75% used [0x9ee60000,0x9ee78000,0x9ee80000)
  to   space 128K, 0% used [0x9ee40000,0x9ee40000,0x9ee60000)
 ParOldGen       total 42688K, used 11975K [0x74eb0000, 0x77860000, 0x9e960000)
  object space 42688K, 28% used [0x74eb0000,0x75a61e98,0x77860000)
 PSPermGen       total 16384K, used 6813K [0x70eb0000, 0x71eb0000, 0x74eb0000)
  object space 16384K, 41% used [0x70eb0000,0x715576f0,0x71eb0000)
Event: 822,147 GC heap after
Heap after GC invocations=303 (full 0):
 PSYoungGen      total 5120K, used 80K [0x9e960000, 0x9ee80000, 0xb36b0000)
  eden space 4992K, 0% used [0x9e960000,0x9e960000,0x9ee40000)
  from space 128K, 62% used [0x9ee40000,0x9ee54000,0x9ee60000)
  to   space 128K, 0% used [0x9ee60000,0x9ee60000,0x9ee80000)
 ParOldGen       total 42688K, used 11991K [0x74eb0000, 0x77860000, 0x9e960000)
  object space 42688K, 28% used [0x74eb0000,0x75a65e98,0x77860000)
 PSPermGen       total 16384K, used 6813K [0x70eb0000, 0x71eb0000, 0x74eb0000)
  object space 16384K, 41% used [0x70eb0000,0x715576f0,0x71eb0000)
}
Event: 824,197 GC heap before
{Heap before GC invocations=304 (full 0):
 PSYoungGen      total 5120K, used 5072K [0x9e960000, 0x9ee80000, 0xb36b0000)
  eden space 4992K, 100% used [0x9e960000,0x9ee40000,0x9ee40000)
  from space 128K, 62% used [0x9ee40000,0x9ee54000,0x9ee60000)
  to   space 128K, 0% used [0x9ee60000,0x9ee60000,0x9ee80000)
 ParOldGen       total 42688K, used 11991K [0x74eb0000, 0x77860000, 0x9e960000)
  object space 42688K, 28% used [0x74eb0000,0x75a65e98,0x77860000)
 PSPermGen       total 16384K, used 6813K [0x70eb0000, 0x71eb0000, 0x74eb0000)
  object space 16384K, 41% used [0x70eb0000,0x715576f0,0x71eb0000)
Event: 824,200 GC heap after
Heap after GC invocations=304 (full 0):
 PSYoungGen      total 5056K, used 120K [0x9e960000, 0x9eea0000, 0xb36b0000)
  eden space 4928K, 0% used [0x9e960000,0x9e960000,0x9ee30000)
  from space 128K, 93% used [0x9ee60000,0x9ee7e010,0x9ee80000)
  to   space 192K, 0% used [0x9ee30000,0x9ee30000,0x9ee60000)
 ParOldGen       total 42688K, used 12151K [0x74eb0000, 0x77860000, 0x9e960000)
  object space 42688K, 28% used [0x74eb0000,0x75a8dea8,0x77860000)
 PSPermGen       total 16384K, used 6813K [0x70eb0000, 0x71eb0000, 0x74eb0000)
  object space 16384K, 41% used [0x70eb0000,0x715576f0,0x71eb0000)
}
Event: 826,283 GC heap before
{Heap before GC invocations=305 (full 0):
 PSYoungGen      total 5056K, used 5048K [0x9e960000, 0x9eea0000, 0xb36b0000)
  eden space 4928K, 100% used [0x9e960000,0x9ee30000,0x9ee30000)
  from space 128K, 93% used [0x9ee60000,0x9ee7e010,0x9ee80000)
  to   space 192K, 0% used [0x9ee30000,0x9ee30000,0x9ee60000)
 ParOldGen       total 42688K, used 12151K [0x74eb0000, 0x77860000, 0x9e960000)
  object space 42688K, 28% used [0x74eb0000,0x75a8dea8,0x77860000)
 PSPermGen       total 16384K, used 6813K [0x70eb0000, 0x71eb0000, 0x74eb0000)
  object space 16384K, 41% used [0x70eb0000,0x715576f0,0x71eb0000)
Event: 826,286 GC heap after
Heap after GC invocations=305 (full 0):
 PSYoungGen      total 5120K, used 64K [0x9e960000, 0x9ee90000, 0xb36b0000)
  eden space 4928K, 0% used [0x9e960000,0x9e960000,0x9ee30000)
  from space 192K, 33% used [0x9ee30000,0x9ee40000,0x9ee60000)
  to   space 192K, 0% used [0x9ee60000,0x9ee60000,0x9ee90000)
 ParOldGen       total 42688K, used 12242K [0x74eb0000, 0x77860000, 0x9e960000)
  object space 42688K, 28% used [0x74eb0000,0x75aa4878,0x77860000)
 PSPermGen       total 16384K, used 6813K [0x70eb0000, 0x71eb0000, 0x74eb0000)
  object space 16384K, 41% used [0x70eb0000,0x715576f0,0x71eb0000)
}
Event: 828,383 GC heap before
{Heap before GC invocations=306 (full 0):
 PSYoungGen      total 5120K, used 4992K [0x9e960000, 0x9ee90000, 0xb36b0000)
  eden space 4928K, 100% used [0x9e960000,0x9ee30000,0x9ee30000)
  from space 192K, 33% used [0x9ee30000,0x9ee40000,0x9ee60000)
  to   space 192K, 0% used [0x9ee60000,0x9ee60000,0x9ee90000)
 ParOldGen       total 42688K, used 12242K [0x74eb0000, 0x77860000, 0x9e960000)
  object space 42688K, 28% used [0x74eb0000,0x75aa4878,0x77860000)
 PSPermGen       total 16384K, used 6813K [0x70eb0000, 0x71eb0000, 0x74eb0000)
  object space 16384K, 41% used [0x70eb0000,0x715576f0,0x71eb0000)
Event: 828,385 GC heap after
Heap after GC invocations=306 (full 0):
 PSYoungGen      total 5120K, used 48K [0x9e960000, 0x9ee90000, 0xb36b0000)
  eden space 4928K, 0% used [0x9e960000,0x9e960000,0x9ee30000)
  from space 192K, 25% used [0x9ee60000,0x9ee6c000,0x9ee90000)
  to   space 192K, 0% used [0x9ee30000,0x9ee30000,0x9ee60000)
 ParOldGen       total 42688K, used 12258K [0x74eb0000, 0x77860000, 0x9e960000)
  object space 42688K, 28% used [0x74eb0000,0x75aa8878,0x77860000)
 PSPermGen       total 16384K, used 6813K [0x70eb0000, 0x71eb0000, 0x74eb0000)
  object space 16384K, 41% used [0x70eb0000,0x715576f0,0x71eb0000)
}
Event: 830,486 GC heap before
{Heap before GC invocations=307 (full 0):
 PSYoungGen      total 5120K, used 4976K [0x9e960000, 0x9ee90000, 0xb36b0000)
  eden space 4928K, 100% used [0x9e960000,0x9ee30000,0x9ee30000)
  from space 192K, 25% used [0x9ee60000,0x9ee6c000,0x9ee90000)
  to   space 192K, 0% used [0x9ee30000,0x9ee30000,0x9ee60000)
 ParOldGen       total 42688K, used 12258K [0x74eb0000, 0x77860000, 0x9e960000)
  object space 42688K, 28% used [0x74eb0000,0x75aa8878,0x77860000)
 PSPermGen       total 16384K, used 6813K [0x70eb0000, 0x71eb0000, 0x74eb0000)
  object space 16384K, 41% used [0x70eb0000,0x715576f0,0x71eb0000)
Event: 830,487 GC heap after
Heap after GC invocations=307 (full 0):
 PSYoungGen      total 5120K, used 64K [0x9e960000, 0x9ee90000, 0xb36b0000)
  eden space 4928K, 0% used [0x9e960000,0x9e960000,0x9ee30000)
  from space 192K, 33% used [0x9ee30000,0x9ee40000,0x9ee60000)
  to   space 192K, 0% used [0x9ee60000,0x9ee60000,0x9ee90000)
 ParOldGen       total 42688K, used 12274K [0x74eb0000, 0x77860000, 0x9e960000)
  object space 42688K, 28% used [0x74eb0000,0x75aac878,0x77860000)
 PSPermGen       total 16384K, used 6813K [0x70eb0000, 0x71eb0000, 0x74eb0000)
  object space 16384K, 41% used [0x70eb0000,0x715576f0,0x71eb0000)
}

